<?xml version="1.0" encoding="UTF-8"?>
<!-- Generated by org.testng.reporters.JUnitReportReporter -->
<testsuite hostname="LAPTOP-5ILGOR0A" failures="0" tests="1" name="StepDefinitions.accesstoken" time="3.948" errors="0" timestamp="2023-02-24T22:14:00 GST" skipped="0">
  <testcase classname="StepDefinitions.accesstoken" name="getAccessToken" time="3.948"/>
  <system-out/>
</testsuite> <!-- StepDefinitions.accesstoken -->
