<?xml version="1.0" encoding="UTF-8"?>
<!-- Generated by org.testng.reporters.JUnitReportReporter -->
<testsuite hostname="LAPTOP-5ILGOR0A" failures="0" tests="1" name="StepDefinitions.DeleteCR" time="3.953" errors="0" timestamp="2023-02-13T22:30:12 GST" skipped="0">
  <testcase classname="StepDefinitions.DeleteCR" name="Delete_CR" time="3.953"/>
  <system-out/>
</testsuite> <!-- StepDefinitions.DeleteCR -->
