<?xml version="1.0" encoding="UTF-8"?>
<!-- Generated by org.testng.reporters.JUnitReportReporter -->
<testsuite hostname="LAPTOP-5ILGOR0A" failures="0" tests="1" name="StepDefinitions.sfBaseClass" time="2.517" errors="0" timestamp="2023-02-22T21:23:43 GST" skipped="0">
  <testcase classname="StepDefinitions.sfBaseClass" name="Bearermethod" time="2.517"/>
  <system-out/>
</testsuite> <!-- StepDefinitions.sfBaseClass -->
