<?xml version="1.0" encoding="UTF-8"?>
<!-- Generated by org.testng.reporters.JUnitReportReporter -->
<testsuite hostname="LAPTOP-5ILGOR0A" failures="0" tests="1" name="StepDefinitions.PostCR" time="6.334" errors="0" timestamp="2023-02-13T22:30:12 GST" skipped="0">
  <testcase classname="StepDefinitions.PostCR" name="Post_CR" time="6.334"/>
  <system-out/>
</testsuite> <!-- StepDefinitions.PostCR -->
