<?xml version="1.0" encoding="UTF-8"?>
<!-- Generated by org.testng.reporters.JUnitReportReporter -->
<testsuite hostname="LAPTOP-5ILGOR0A" failures="0" tests="1" name="StepDefinitions.PutCR" time="3.752" errors="0" timestamp="2023-02-13T22:30:12 GST" skipped="0">
  <testcase classname="StepDefinitions.PutCR" name="Put_CR" time="3.752"/>
  <system-out/>
</testsuite> <!-- StepDefinitions.PutCR -->
