<?xml version="1.0" encoding="UTF-8"?>
<!-- Generated by org.testng.reporters.JUnitReportReporter -->
<testsuite hostname="LAPTOP-5ILGOR0A" failures="0" tests="2" name="Runner.runner" time="9.866" errors="0" timestamp="2023-02-17T21:11:30 GST" skipped="0">
  <testcase classname="Runner.runner" name="runScenario" time="6.296"/>
  <system-out/>
  <testcase classname="Runner.runner" name="runScenario" time="3.570"/>
  <system-out/>
</testsuite> <!-- Runner.runner -->
